  Camera.cpp
C:\Users\KK\Desktop\Framework_팀플\2DFrameWork\Camera.cpp(36,1): fatal error C1010: 미리 컴파일된 헤더를 찾는 동안 예기치 않은 파일의 끝이 나타났습니다. '#include "pch.h"'을(를) 소스에 추가하시겠습니까?
  Direct3D11.cpp
C:\Users\KK\Desktop\Framework_팀플\2DFrameWork\Direct3D11.cpp(306,1): fatal error C1010: 미리 컴파일된 헤더를 찾는 동안 예기치 않은 파일의 끝이 나타났습니다. '#include "pch.h"'을(를) 소스에 추가하시겠습니까?
  GameObject.cpp
C:\Users\KK\Desktop\Framework_팀플\2DFrameWork\GameObject.cpp(327,1): fatal error C1010: 미리 컴파일된 헤더를 찾는 동안 예기치 않은 파일의 끝이 나타났습니다. '#include "pch.h"'을(를) 소스에 추가하시겠습니까?
  Gui.cpp
C:\Users\KK\Desktop\Framework_팀플\2DFrameWork\Gui.cpp(112,1): fatal error C1010: 미리 컴파일된 헤더를 찾는 동안 예기치 않은 파일의 끝이 나타났습니다. '#include "pch.h"'을(를) 소스에 추가하시겠습니까?
  Input.cpp
C:\Users\KK\Desktop\Framework_팀플\2DFrameWork\Input.cpp(78,1): fatal error C1010: 미리 컴파일된 헤더를 찾는 동안 예기치 않은 파일의 끝이 나타났습니다. '#include "pch.h"'을(를) 소스에 추가하시겠습니까?
  ObCircle.cpp
C:\Users\KK\Desktop\Framework_팀플\2DFrameWork\ObCircle.cpp(158,1): fatal error C1010: 미리 컴파일된 헤더를 찾는 동안 예기치 않은 파일의 끝이 나타났습니다. '#include "pch.h"'을(를) 소스에 추가하시겠습니까?
  ObImage.cpp
C:\Users\KK\Desktop\Framework_팀플\2DFrameWork\ObImage.cpp(274,1): fatal error C1010: 미리 컴파일된 헤더를 찾는 동안 예기치 않은 파일의 끝이 나타났습니다. '#include "pch.h"'을(를) 소스에 추가하시겠습니까?
  ObLine.cpp
C:\Users\KK\Desktop\Framework_팀플\2DFrameWork\ObLine.cpp(69,1): fatal error C1010: 미리 컴파일된 헤더를 찾는 동안 예기치 않은 파일의 끝이 나타났습니다. '#include "pch.h"'을(를) 소스에 추가하시겠습니까?
  ObRect.cpp
C:\Users\KK\Desktop\Framework_팀플\2DFrameWork\ObRect.cpp(136,1): fatal error C1010: 미리 컴파일된 헤더를 찾는 동안 예기치 않은 파일의 끝이 나타났습니다. '#include "pch.h"'을(를) 소스에 추가하시겠습니까?
  ObStar.cpp
C:\Users\KK\Desktop\Framework_팀플\2DFrameWork\ObStar.cpp(121,1): fatal error C1010: 미리 컴파일된 헤더를 찾는 동안 예기치 않은 파일의 끝이 나타났습니다. '#include "pch.h"'을(를) 소스에 추가하시겠습니까?
  Random.cpp
C:\Users\KK\Desktop\Framework_팀플\2DFrameWork\Random.cpp(27,1): fatal error C1010: 미리 컴파일된 헤더를 찾는 동안 예기치 않은 파일의 끝이 나타났습니다. '#include "pch.h"'을(를) 소스에 추가하시겠습니까?
  Shader.cpp
C:\Users\KK\Desktop\Framework_팀플\2DFrameWork\Shader.cpp(88,1): fatal error C1010: 미리 컴파일된 헤더를 찾는 동안 예기치 않은 파일의 끝이 나타났습니다. '#include "pch.h"'을(를) 소스에 추가하시겠습니까?
  Texture.cpp
C:\Users\KK\Desktop\Framework_팀플\2DFrameWork\Texture.cpp(65,1): fatal error C1010: 미리 컴파일된 헤더를 찾는 동안 예기치 않은 파일의 끝이 나타났습니다. '#include "pch.h"'을(를) 소스에 추가하시겠습니까?
  Timer.cpp
C:\Users\KK\Desktop\Framework_팀플\2DFrameWork\Timer.cpp(63,1): fatal error C1010: 미리 컴파일된 헤더를 찾는 동안 예기치 않은 파일의 끝이 나타났습니다. '#include "pch.h"'을(를) 소스에 추가하시겠습니까?
  Utility.cpp
C:\Users\KK\Desktop\Framework_팀플\2DFrameWork\Utility.cpp(174,1): fatal error C1010: 미리 컴파일된 헤더를 찾는 동안 예기치 않은 파일의 끝이 나타났습니다. '#include "pch.h"'을(를) 소스에 추가하시겠습니까?
  Window.cpp
C:\Users\KK\Desktop\Framework_팀플\2DFrameWork\Window.cpp(216,1): fatal error C1010: 미리 컴파일된 헤더를 찾는 동안 예기치 않은 파일의 끝이 나타났습니다. '#include "pch.h"'을(를) 소스에 추가하시겠습니까?
